C:\USERS\CHRIS\DOWNLOADS\API\SAMPLES\SEARCH\COMMON\GOOGLEDESKTOPACTIONAPI.H
C:\USERS\CHRIS\DOWNLOADS\API\SAMPLES\SEARCH\COMMON\GOOGLEDESKTOPACTIONAPI_I.C
C:\USERS\CHRIS\DOWNLOADS\API\SAMPLES\SEARCH\COMMON\GOOGLEDESKTOPACTIONAPI_P.C
C:\USERS\CHRIS\DOWNLOADS\API\SAMPLES\SEARCH\COMMON\GOOGLEDESKTOPAPI.H
C:\USERS\CHRIS\DOWNLOADS\API\SAMPLES\SEARCH\COMMON\GOOGLEDESKTOPAPI_I.C
C:\USERS\CHRIS\DOWNLOADS\API\SAMPLES\SEARCH\COMMON\GOOGLEDESKTOPAPI_P.C
C:\USERS\CHRIS\DOWNLOADS\API\SAMPLES\SEARCH\COMMON\GOOGLEDESKTOPDISPLAYAPI_H.H
C:\USERS\CHRIS\DOWNLOADS\API\SAMPLES\SEARCH\COMMON\GOOGLEDESKTOPDISPLAYAPI_I.C
C:\USERS\CHRIS\DOWNLOADS\API\SAMPLES\SEARCH\COMMON\GOOGLEDESKTOPDISPLAYAPI_P.C
C:\Users\Chris\Downloads\api\samples\search\common\Release\cl.command.1.tlog
C:\Users\Chris\Downloads\api\samples\search\common\Release\CL.read.1.tlog
C:\Users\Chris\Downloads\api\samples\search\common\Release\CL.write.1.tlog
C:\USERS\CHRIS\DOWNLOADS\API\SAMPLES\SEARCH\COMMON\RELEASE\GOOGLEDESKTOPCOMPONENTCOMMON.LIB
C:\USERS\CHRIS\DOWNLOADS\API\SAMPLES\SEARCH\COMMON\RELEASE\GOOGLEDESKTOPCOMPONENTCOMMON.PCH
C:\USERS\CHRIS\DOWNLOADS\API\SAMPLES\SEARCH\COMMON\RELEASE\GOOGLEDESKTOPCOMPONENTCOMMON.TLB
C:\USERS\CHRIS\DOWNLOADS\API\SAMPLES\SEARCH\COMMON\RELEASE\GOOGLEDESKTOPCOMPONENTREGISTRATION.OBJ
C:\Users\Chris\Downloads\api\samples\search\common\Release\lib.command.1.tlog
C:\Users\Chris\Downloads\api\samples\search\common\Release\Lib-link.read.1.tlog
C:\Users\Chris\Downloads\api\samples\search\common\Release\Lib-link.write.1.tlog
C:\Users\Chris\Downloads\api\samples\search\common\Release\midl.command.1.tlog
C:\Users\Chris\Downloads\api\samples\search\common\Release\midl.read.1.tlog
C:\Users\Chris\Downloads\api\samples\search\common\Release\midl.write.1.tlog
C:\Users\Chris\Downloads\api\samples\search\common\Release\midl-midlc.read.1.tlog
C:\Users\Chris\Downloads\api\samples\search\common\Release\midl-midlc.write.1.tlog
C:\Users\Chris\Downloads\api\samples\search\common\Release\midl-midlc-cl.read.1.tlog
C:\USERS\CHRIS\DOWNLOADS\API\SAMPLES\SEARCH\COMMON\RELEASE\STDAFX.OBJ
C:\USERS\CHRIS\DOWNLOADS\API\SAMPLES\SEARCH\COMMON\RELEASE\UTILS.OBJ
C:\USERS\CHRIS\DOWNLOADS\API\SAMPLES\SEARCH\COMMON\RELEASE\VC100.PDB
Release\GoogleDesktopComponentCommon.tlb
